# JRE version: OpenJDK Runtime Environment (11.0.13) (build 11.0.13+0-b1751.21-8125866)
# Java VM: OpenJDK 64-Bit Server VM (11.0.13+0-b1751.21-8125866, mixed mode, tiered, compressed oops, g1 gc, windows-amd64)
Heap:
 garbage-first heap   total 731136K, used 217553K [0x0000000080000000, 0x0000000100000000)
  region size 1024K, 10 young (10240K), 10 survivors (10240K)
 Metaspace       used 99350K, capacity 101950K, committed 103452K, reserved 1138688K
  class space    used 13009K, capacity 14021K, committed 14668K, reserved 1048576K
GC Heap History (20 events):
Event: 12.483 GC heap after
{Heap after GC invocations=20 (full 0):
 garbage-first heap   total 225280K, used 111616K [0x0000000080000000, 0x0000000100000000)
  region size 1024K, 13 young (13312K), 13 survivors (13312K)
 Metaspace       used 90133K, capacity 92711K, committed 92956K, reserved 1130496K
  class space    used 11795K, capacity 12797K, committed 12876K, reserved 1048576K
}
Event: 12.737 GC heap before
{Heap before GC invocations=20 (full 0):
 garbage-first heap   total 225280K, used 175103K [0x0000000080000000, 0x0000000100000000)
  region size 1024K, 75 young (76800K), 13 survivors (13312K)
 Metaspace       used 93040K, capacity 95956K, committed 96028K, reserved 1132544K
  class space    used 12254K, capacity 13368K, committed 13388K, reserved 1048576K
}
Event: 12.756 GC heap after
{Heap after GC invocations=21 (full 0):
 garbage-first heap   total 225280K, used 121856K [0x0000000080000000, 0x0000000100000000)
  region size 1024K, 10 young (10240K), 10 survivors (10240K)
 Metaspace       used 93040K, capacity 95956K, committed 96028K, reserved 1132544K
  class space    used 12254K, capacity 13368K, committed 13388K, reserved 1048576K
}
Event: 12.896 GC heap before
{Heap before GC invocations=21 (full 0):
 garbage-first heap   total 225280K, used 177152K [0x0000000080000000, 0x0000000100000000)
  region size 1024K, 65 young (66560K), 10 survivors (10240K)
 Metaspace       used 94506K, capacity 97557K, committed 97820K, reserved 1134592K
  class space    used 12468K, capacity 13626K, committed 13644K, reserved 1048576K
}
Event: 12.927 GC heap after
{Heap after GC invocations=22 (full 0):
 garbage-first heap   total 270336K, used 132843K [0x0000000080000000, 0x0000000100000000)
  region size 1024K, 9 young (9216K), 9 survivors (9216K)
 Metaspace       used 94506K, capacity 97557K, committed 97820K, reserved 1134592K
  class space    used 12468K, capacity 13626K, committed 13644K, reserved 1048576K
}
Event: 13.139 GC heap before
{Heap before GC invocations=23 (full 0):
 garbage-first heap   total 270336K, used 199403K [0x0000000080000000, 0x0000000100000000)
  region size 1024K, 75 young (76800K), 9 survivors (9216K)
 Metaspace       used 95141K, capacity 97961K, committed 98972K, reserved 1134592K
  class space    used 12537K, capacity 13718K, committed 14028K, reserved 1048576K
}
Event: 13.177 GC heap after
{Heap after GC invocations=24 (full 0):
 garbage-first heap   total 270336K, used 146330K [0x0000000080000000, 0x0000000100000000)
  region size 1024K, 10 young (10240K), 10 survivors (10240K)
 Metaspace       used 95141K, capacity 97961K, committed 98972K, reserved 1134592K
  class space    used 12537K, capacity 13718K, committed 14028K, reserved 1048576K
}
Event: 13.256 GC heap before
{Heap before GC invocations=24 (full 0):
 garbage-first heap   total 270336K, used 208794K [0x0000000080000000, 0x0000000100000000)
  region size 1024K, 71 young (72704K), 10 survivors (10240K)
 Metaspace       used 95617K, capacity 98539K, committed 99228K, reserved 1134592K
  class space    used 12617K, capacity 13822K, committed 14028K, reserved 1048576K
}
Event: 13.291 GC heap after
{Heap after GC invocations=25 (full 0):
 garbage-first heap   total 270336K, used 158949K [0x0000000080000000, 0x0000000100000000)
  region size 1024K, 9 young (9216K), 9 survivors (9216K)
 Metaspace       used 95617K, capacity 98539K, committed 99228K, reserved 1134592K
  class space    used 12617K, capacity 13822K, committed 14028K, reserved 1048576K
}
Event: 13.383 GC heap before
{Heap before GC invocations=25 (full 0):
 garbage-first heap   total 270336K, used 215269K [0x0000000080000000, 0x0000000100000000)
  region size 1024K, 64 young (65536K), 9 survivors (9216K)
 Metaspace       used 96187K, capacity 99202K, committed 99868K, reserved 1134592K
  class space    used 12723K, capacity 13984K, committed 14156K, reserved 1048576K
}
Event: 13.402 GC heap after
{Heap after GC invocations=26 (full 0):
 garbage-first heap   total 270336K, used 169984K [0x0000000080000000, 0x0000000100000000)
  region size 1024K, 8 young (8192K), 8 survivors (8192K)
 Metaspace       used 96187K, capacity 99202K, committed 99868K, reserved 1134592K
  class space    used 12723K, capacity 13984K, committed 14156K, reserved 1048576K
}
Event: 13.522 GC heap before
{Heap before GC invocations=26 (full 0):
 garbage-first heap   total 270336K, used 220160K [0x0000000080000000, 0x0000000100000000)
  region size 1024K, 57 young (58368K), 8 survivors (8192K)
 Metaspace       used 96435K, capacity 99147K, committed 100508K, reserved 1136640K
  class space    used 12706K, capacity 13839K, committed 14284K, reserved 1048576K
}
Event: 13.552 GC heap after
{Heap after GC invocations=27 (full 0):
 garbage-first heap   total 389120K, used 180674K [0x0000000080000000, 0x0000000100000000)
  region size 1024K, 8 young (8192K), 8 survivors (8192K)
 Metaspace       used 96435K, capacity 99147K, committed 100508K, reserved 1136640K
  class space    used 12706K, capacity 13839K, committed 14284K, reserved 1048576K
}
Event: 13.945 GC heap before
{Heap before GC invocations=28 (full 0):
 garbage-first heap   total 389120K, used 267714K [0x0000000080000000, 0x0000000100000000)
  region size 1024K, 93 young (95232K), 8 survivors (8192K)
 Metaspace       used 98658K, capacity 101527K, committed 102300K, reserved 1136640K
  class space    used 13097K, capacity 14294K, committed 14540K, reserved 1048576K
}
Event: 13.973 GC heap after
{Heap after GC invocations=29 (full 0):
 garbage-first heap   total 389120K, used 196386K [0x0000000080000000, 0x0000000100000000)
  region size 1024K, 12 young (12288K), 12 survivors (12288K)
 Metaspace       used 98658K, capacity 101527K, committed 102300K, reserved 1136640K
  class space    used 13097K, capacity 14294K, committed 14540K, reserved 1048576K
}
Event: 14.120 GC heap before
{Heap before GC invocations=29 (full 0):
 garbage-first heap   total 389120K, used 280354K [0x0000000080000000, 0x0000000100000000)
  region size 1024K, 95 young (97280K), 12 survivors (12288K)
 Metaspace       used 99444K, capacity 102392K, committed 102940K, reserved 1138688K
  class space    used 13228K, capacity 14454K, committed 14668K, reserved 1048576K
}
Event: 14.148 GC heap after
{Heap after GC invocations=30 (full 0):
 garbage-first heap   total 389120K, used 207480K [0x0000000080000000, 0x0000000100000000)
  region size 1024K, 10 young (10240K), 10 survivors (10240K)
 Metaspace       used 99444K, capacity 102392K, committed 102940K, reserved 1138688K
  class space    used 13228K, capacity 14454K, committed 14668K, reserved 1048576K
}
Event: 14.822 GC heap before
{Heap before GC invocations=30 (full 0):
 garbage-first heap   total 389120K, used 291448K [0x0000000080000000, 0x0000000100000000)
  region size 1024K, 93 young (95232K), 10 survivors (10240K)
 Metaspace       used 99157K, capacity 101727K, committed 103196K, reserved 1138688K
  class space    used 13003K, capacity 14016K, committed 14668K, reserved 1048576K
}
Event: 14.879 GC heap after
{Heap after GC invocations=31 (full 0):
 garbage-first heap   total 389120K, used 214465K [0x0000000080000000, 0x0000000100000000)
  region size 1024K, 7 young (7168K), 7 survivors (7168K)
 Metaspace       used 99157K, capacity 101727K, committed 103196K, reserved 1138688K
  class space    used 13003K, capacity 14016K, committed 14668K, reserved 1048576K
}
Event: 15.120 GC heap before
{Heap before GC invocations=32 (full 0):
 garbage-first heap   total 389120K, used 298433K [0x0000000080000000, 0x0000000100000000)
  region size 1024K, 90 young (92160K), 7 survivors (7168K)
 Metaspace       used 99350K, capacity 101950K, committed 103452K, reserved 1138688K
  class space    used 13009K, capacity 14021K, committed 14668K, reserved 1048576K
}

