# JRE version: OpenJDK Runtime Environment (11.0.13) (build 11.0.13+0-b1751.21-8125866)
# Java VM: OpenJDK 64-Bit Server VM (11.0.13+0-b1751.21-8125866, mixed mode, tiered, compressed oops, g1 gc, windows-amd64)
Heap:
 garbage-first heap   total 700416K, used 181504K [0x0000000080000000, 0x0000000100000000)
  region size 1024K, 9 young (9216K), 9 survivors (9216K)
 Metaspace       used 117461K, capacity 120906K, committed 121096K, reserved 1155072K
  class space    used 15082K, capacity 16435K, committed 16512K, reserved 1048576K
GC Heap History (20 events):
Event: 802.285 GC heap after
{Heap after GC invocations=49 (full 0):
 garbage-first heap   total 187392K, used 97272K [0x0000000080000000, 0x0000000100000000)
  region size 1024K, 3 young (3072K), 3 survivors (3072K)
 Metaspace       used 115912K, capacity 119259K, committed 119560K, reserved 1153024K
  class space    used 14895K, capacity 16183K, committed 16256K, reserved 1048576K
}
Event: 802.710 GC heap before
{Heap before GC invocations=50 (full 0):
 garbage-first heap   total 187392K, used 151544K [0x0000000080000000, 0x0000000100000000)
  region size 1024K, 56 young (57344K), 3 survivors (3072K)
 Metaspace       used 115794K, capacity 119038K, committed 119560K, reserved 1153024K
  class space    used 14852K, capacity 16104K, committed 16256K, reserved 1048576K
}
Event: 802.712 GC heap after
{Heap after GC invocations=51 (full 0):
 garbage-first heap   total 187392K, used 93101K [0x0000000080000000, 0x0000000100000000)
  region size 1024K, 1 young (1024K), 1 survivors (1024K)
 Metaspace       used 115794K, capacity 119038K, committed 119560K, reserved 1153024K
  class space    used 14852K, capacity 16104K, committed 16256K, reserved 1048576K
}
Event: 802.746 GC heap before
{Heap before GC invocations=51 (full 0):
 garbage-first heap   total 187392K, used 100269K [0x0000000080000000, 0x0000000100000000)
  region size 1024K, 9 young (9216K), 1 survivors (1024K)
 Metaspace       used 115794K, capacity 119038K, committed 119560K, reserved 1153024K
  class space    used 14852K, capacity 16104K, committed 16256K, reserved 1048576K
}
Event: 802.752 GC heap after
{Heap after GC invocations=52 (full 0):
 garbage-first heap   total 187392K, used 92169K [0x0000000080000000, 0x0000000100000000)
  region size 1024K, 1 young (1024K), 1 survivors (1024K)
 Metaspace       used 115794K, capacity 119038K, committed 119560K, reserved 1153024K
  class space    used 14852K, capacity 16104K, committed 16256K, reserved 1048576K
}
Event: 802.904 GC heap before
{Heap before GC invocations=52 (full 0):
 garbage-first heap   total 187392K, used 159753K [0x0000000080000000, 0x0000000100000000)
  region size 1024K, 58 young (59392K), 1 survivors (1024K)
 Metaspace       used 115817K, capacity 119056K, committed 119560K, reserved 1153024K
  class space    used 14855K, capacity 16109K, committed 16256K, reserved 1048576K
}
Event: 802.914 GC heap after
{Heap after GC invocations=53 (full 0):
 garbage-first heap   total 187392K, used 98375K [0x0000000080000000, 0x0000000100000000)
  region size 1024K, 5 young (5120K), 5 survivors (5120K)
 Metaspace       used 115817K, capacity 119056K, committed 119560K, reserved 1153024K
  class space    used 14855K, capacity 16109K, committed 16256K, reserved 1048576K
}
Event: 802.960 GC heap before
{Heap before GC invocations=53 (full 0):
 garbage-first heap   total 187392K, used 151623K [0x0000000080000000, 0x0000000100000000)
  region size 1024K, 58 young (59392K), 5 survivors (5120K)
 Metaspace       used 115868K, capacity 119217K, committed 119560K, reserved 1153024K
  class space    used 14859K, capacity 16141K, committed 16256K, reserved 1048576K
}
Event: 802.973 GC heap after
{Heap after GC invocations=54 (full 0):
 garbage-first heap   total 187392K, used 106124K [0x0000000080000000, 0x0000000100000000)
  region size 1024K, 8 young (8192K), 8 survivors (8192K)
 Metaspace       used 115868K, capacity 119217K, committed 119560K, reserved 1153024K
  class space    used 14859K, capacity 16141K, committed 16256K, reserved 1048576K
}
Event: 803.020 GC heap before
{Heap before GC invocations=54 (full 0):
 garbage-first heap   total 187392K, used 152204K [0x0000000080000000, 0x0000000100000000)
  region size 1024K, 54 young (55296K), 8 survivors (8192K)
 Metaspace       used 116019K, capacity 119339K, committed 119560K, reserved 1153024K
  class space    used 14877K, capacity 16158K, committed 16256K, reserved 1048576K
}
Event: 803.040 GC heap after
{Heap after GC invocations=55 (full 0):
 garbage-first heap   total 187392K, used 118784K [0x0000000080000000, 0x0000000100000000)
  region size 1024K, 7 young (7168K), 7 survivors (7168K)
 Metaspace       used 116019K, capacity 119339K, committed 119560K, reserved 1153024K
  class space    used 14877K, capacity 16158K, committed 16256K, reserved 1048576K
}
Event: 803.123 GC heap before
{Heap before GC invocations=55 (full 0):
 garbage-first heap   total 187392K, used 151552K [0x0000000080000000, 0x0000000100000000)
  region size 1024K, 40 young (40960K), 7 survivors (7168K)
 Metaspace       used 116123K, capacity 119429K, committed 119816K, reserved 1153024K
  class space    used 14897K, capacity 16169K, committed 16256K, reserved 1048576K
}
Event: 803.138 GC heap after
{Heap after GC invocations=56 (full 0):
 garbage-first heap   total 330752K, used 125515K [0x0000000080000000, 0x0000000100000000)
  region size 1024K, 5 young (5120K), 5 survivors (5120K)
 Metaspace       used 116123K, capacity 119429K, committed 119816K, reserved 1153024K
  class space    used 14897K, capacity 16169K, committed 16256K, reserved 1048576K
}
Event: 803.573 GC heap before
{Heap before GC invocations=57 (full 0):
 garbage-first heap   total 330752K, used 224843K [0x0000000080000000, 0x0000000100000000)
  region size 1024K, 103 young (105472K), 5 survivors (5120K)
 Metaspace       used 116932K, capacity 120345K, committed 120456K, reserved 1153024K
  class space    used 15009K, capacity 16334K, committed 16384K, reserved 1048576K
}
Event: 803.602 GC heap after
{Heap after GC invocations=58 (full 0):
 garbage-first heap   total 330752K, used 145870K [0x0000000080000000, 0x0000000100000000)
  region size 1024K, 13 young (13312K), 13 survivors (13312K)
 Metaspace       used 116932K, capacity 120345K, committed 120456K, reserved 1153024K
  class space    used 15009K, capacity 16334K, committed 16384K, reserved 1048576K
}
Event: 803.746 GC heap before
{Heap before GC invocations=58 (full 0):
 garbage-first heap   total 330752K, used 237006K [0x0000000080000000, 0x0000000100000000)
  region size 1024K, 102 young (104448K), 13 survivors (13312K)
 Metaspace       used 117120K, capacity 120547K, committed 120712K, reserved 1153024K
  class space    used 15045K, capacity 16380K, committed 16384K, reserved 1048576K
}
Event: 803.790 GC heap after
{Heap after GC invocations=59 (full 0):
 garbage-first heap   total 330752K, used 160768K [0x0000000080000000, 0x0000000100000000)
  region size 1024K, 13 young (13312K), 13 survivors (13312K)
 Metaspace       used 117120K, capacity 120547K, committed 120712K, reserved 1153024K
  class space    used 15045K, capacity 16380K, committed 16384K, reserved 1048576K
}
Event: 804.181 GC heap before
{Heap before GC invocations=59 (full 0):
 garbage-first heap   total 330752K, used 245760K [0x0000000080000000, 0x0000000100000000)
  region size 1024K, 97 young (99328K), 13 survivors (13312K)
 Metaspace       used 117148K, capacity 120597K, committed 120712K, reserved 1153024K
  class space    used 15044K, capacity 16376K, committed 16384K, reserved 1048576K
}
Event: 804.207 GC heap after
{Heap after GC invocations=60 (full 0):
 garbage-first heap   total 330752K, used 172344K [0x0000000080000000, 0x0000000100000000)
  region size 1024K, 11 young (11264K), 11 survivors (11264K)
 Metaspace       used 117148K, capacity 120597K, committed 120712K, reserved 1153024K
  class space    used 15044K, capacity 16376K, committed 16384K, reserved 1048576K
}
Event: 804.431 GC heap before
{Heap before GC invocations=61 (full 0):
 garbage-first heap   total 330752K, used 253240K [0x0000000080000000, 0x0000000100000000)
  region size 1024K, 91 young (93184K), 11 survivors (11264K)
 Metaspace       used 117461K, capacity 120906K, committed 121096K, reserved 1155072K
  class space    used 15082K, capacity 16435K, committed 16512K, reserved 1048576K
}

